<?xml version="1.0"?>
<!DOCTYPE coverage SYSTEM "http://cobertura.sourceforge.net/xml/coverage-04.dtd">
<coverage 
line-rate="1.00" lines-valid="5" lines-covered="5" branches-valid="0" branches-covered="0" branch-rate="1.00" complexity="0" version="1.0" timestamp="1650922829751">
    <sources>
        <source>--source</source>
        <source>D:/PROYECTOS/Ejercicios/scala/ProgramacionFuncional/ejems02/fp029_scalacheck/src/main/scala</source>
    </sources>
    <packages>
        <package name="com.jemb.scalacheck.utils" line-rate="1.00" branch-rate="1.00" complexity="0">
            <classes>
                <class 
                name="com.jemb.scalacheck.utils.MateUtils" filename="com/jemb/scalacheck/utils/MateUtils.scala" line-rate="1.00" branch-rate="1.00" complexity="0">
                    <methods>
                        <method 
                        name="com.jemb.scalacheck.utils/MateUtils/increaseRandomly" signature="()V" line-rate="1.00" branch-rate="1.00" complexity="0">
                            <lines>
                                <line number="11" hits="1" branch="false"/>
                                <line number="9" hits="1" branch="false"/>
                                <line number="11" hits="1" branch="false"/>
                            </lines>
</method>
                        <method 
                        name="com.jemb.scalacheck.utils/MateUtils/getRandomIntFrom1To100" signature="()V" line-rate="1.00" branch-rate="1.00" complexity="0">
                            <lines>
                                <line number="14" hits="1" branch="false"/>
                            </lines>
</method>
                    </methods>
                    <lines>
                        <line number="11" hits="1" branch="false"/>
                        <line number="9" hits="1" branch="false"/>
                        <line number="14" hits="1" branch="false"/>
                        <line number="11" hits="1" branch="false"/>
                    </lines>
</class>
                <class 
                name="com.jemb.scalacheck.utils.Sumas" filename="com/jemb/scalacheck/utils/Sumas.scala" line-rate="1.00" branch-rate="1.00" complexity="0">
                    <methods>
                        <method name="com.jemb.scalacheck.utils/Sumas/suma" signature="()V" line-rate="1.00" branch-rate="1.00" complexity="0">
                            <lines>
                                <line number="4" hits="1" branch="false"/>
                            </lines>
                        </method>
                    </methods>
                    <lines>
                        <line number="4" hits="1" branch="false"/>
                    </lines>
</class>
            </classes>
        </package>
    </packages>
</coverage>
